<?xml version="1.0" encoding="UTF-8"?>
<testsuite name="com.bridgelabz.MyBinaryTreeTest" tests="1" skipped="0" failures="0" errors="0" timestamp="2021-06-21T10:52:26" hostname="DESKTOP-FSCNQ7S" time="0.004">
  <properties/>
  <testcase name="given3NumbersWhenAddedToBSTShouldReturnSize3" classname="com.bridgelabz.MyBinaryTreeTest" time="0.004"/>
  <system-out><![CDATA[]]></system-out>
  <system-err><![CDATA[]]></system-err>
</testsuite>
