<?xml version="1.0" encoding="UTF-8"?>
<testsuite name="com.bridgelabz.MyBinaryTreeTest" tests="1" skipped="0" failures="0" errors="0" timestamp="2021-06-21T12:41:11" hostname="DESKTOP-FSCNQ7S" time="0.01">
  <properties/>
  <testcase name="given13NumbersWhenAddedToBSTShouldReturnSize13" classname="com.bridgelabz.MyBinaryTreeTest" time="0.01"/>
  <system-out><![CDATA[]]></system-out>
  <system-err><![CDATA[]]></system-err>
</testsuite>
